<?xml version="1.0" encoding="UTF-8"?>
<testng-results skipped="0" failed="0" ignored="0" total="1" passed="1">
  <reporter-output>
  </reporter-output>
  <suite name="Default suite" duration-ms="23030" started-at="2019-12-01T22:13:26 CST" finished-at="2019-12-01T22:13:49 CST">
    <groups>
    </groups>
    <test name="Default test" duration-ms="23030" started-at="2019-12-01T22:13:26 CST" finished-at="2019-12-01T22:13:49 CST">
      <class name="com.training.sanity.tests.UNF_031">
        <test-method status="PASS" signature="setUpBeforeClass()[pri:0, instance:com.training.sanity.tests.UNF_031@57855c9a]" name="setUpBeforeClass" is-config="true" duration-ms="17" started-at="2019-12-01T22:13:26 CST" finished-at="2019-12-01T22:13:26 CST">
          <reporter-output>
          </reporter-output>
        </test-method> <!-- setUpBeforeClass -->
        <test-method status="PASS" signature="setUp()[pri:0, instance:com.training.sanity.tests.UNF_031@57855c9a]" name="setUp" is-config="true" duration-ms="14231" started-at="2019-12-01T22:13:26 CST" finished-at="2019-12-01T22:13:40 CST">
          <reporter-output>
          </reporter-output>
        </test-method> <!-- setUp -->
        <test-method status="PASS" signature="verifyloginError()[pri:0, instance:com.training.sanity.tests.UNF_031@57855c9a]" name="verifyloginError" duration-ms="6125" started-at="2019-12-01T22:13:40 CST" finished-at="2019-12-01T22:13:46 CST">
          <reporter-output>
          </reporter-output>
        </test-method> <!-- verifyloginError -->
        <test-method status="PASS" signature="tearDown()[pri:0, instance:com.training.sanity.tests.UNF_031@57855c9a]" name="tearDown" is-config="true" duration-ms="2592" started-at="2019-12-01T22:13:46 CST" finished-at="2019-12-01T22:13:49 CST">
          <reporter-output>
          </reporter-output>
        </test-method> <!-- tearDown -->
      </class> <!-- com.training.sanity.tests.UNF_031 -->
    </test> <!-- Default test -->
  </suite> <!-- Default suite -->
</testng-results>
